<?xml version="1.0" encoding="UTF-8"?>
<!-- Generated by org.testng.reporters.JUnitXMLReporter -->
<testsuite ignored="13" hostname="LTIN203200" failures="0" tests="1" name="Default test" time="0.245" errors="0" timestamp="2024-02-29T14:06:25 IST">
  <testcase classname="testbase.BaseClass" name="@BeforeTest setup" time="-1.709195784829E9">
    <failure type="org.testng.TestNGException" message="
Parameter &amp;apos;br&amp;apos; is required by BeforeTest on method setup but has not been marked @Optional or defined
in C:\Users\2303842\AppData\Local\Temp\2\testng-eclipse-970148757\testng-customsuite.xml">
      <![CDATA[org.testng.TestNGException: 
Parameter 'br' is required by BeforeTest on method setup but has not been marked @Optional or defined
in C:\Users\2303842\AppData\Local\Temp\2\testng-eclipse-970148757\testng-customsuite.xml
at org.testng.internal.Parameters.createParams(Parameters.java:267)
at org.testng.internal.Parameters.createParametersForMethod(Parameters.java:355)
at org.testng.internal.Parameters.createParameters(Parameters.java:684)
at org.testng.internal.Parameters.createConfigurationParameters(Parameters.java:166)
at org.testng.internal.invokers.ConfigInvoker.invokeConfigurations(ConfigInvoker.java:306)
at org.testng.TestRunner.invokeTestConfigurations(TestRunner.java:663)
at org.testng.TestRunner.beforeRun(TestRunner.java:652)
at org.testng.TestRunner.run(TestRunner.java:614)
at org.testng.SuiteRunner.runTest(SuiteRunner.java:443)
at org.testng.SuiteRunner.runSequentially(SuiteRunner.java:437)
at org.testng.SuiteRunner.privateRun(SuiteRunner.java:397)
at org.testng.SuiteRunner.run(SuiteRunner.java:336)
at org.testng.SuiteRunnerWorker.runSuite(SuiteRunnerWorker.java:52)
at org.testng.SuiteRunnerWorker.run(SuiteRunnerWorker.java:95)
at org.testng.TestNG.runSuitesSequentially(TestNG.java:1280)
at org.testng.TestNG.runSuitesLocally(TestNG.java:1200)
at org.testng.TestNG.runSuites(TestNG.java:1114)
at org.testng.TestNG.run(TestNG.java:1082)
at org.testng.remote.AbstractRemoteTestNG.run(AbstractRemoteTestNG.java:115)
at org.testng.remote.RemoteTestNG.initAndRun(RemoteTestNG.java:251)
at org.testng.remote.RemoteTestNG.main(RemoteTestNG.java:77)
]]>
    </failure>
  </testcase> <!-- @BeforeTest setup -->
  <testcase classname="testbase.BaseClass" name="@AfterTest teardown" time="0.0">
    <skipped/>
  </testcase> <!-- @AfterTest teardown -->
  <testcase classname="testcases.BookshelvesCheck" name="verifyBookShelves" time="0.0">
    <skipped/>
  </testcase> <!-- verifyBookShelves -->
  <testcase classname="testcases.BookshelvesCheck" name="setPriceFilter" time="0.0">
    <ignored/>
  </testcase> <!-- setPriceFilter -->
  <testcase classname="testcases.BookshelvesCheck" name="checkpriceFilter" time="0.0">
    <ignored/>
  </testcase> <!-- checkpriceFilter -->
  <testcase classname="testcases.BookshelvesCheck" name="checksort" time="0.0">
    <ignored/>
  </testcase> <!-- checksort -->
  <testcase classname="testcases.BookshelvesCheck" name="popupClose" time="0.0">
    <ignored/>
  </testcase> <!-- popupClose -->
  <testcase classname="testcases.BookshelvesCheck" name="checkcategory" time="0.0">
    <ignored/>
  </testcase> <!-- checkcategory -->
  <testcase classname="testcases.BookshelvesCheck" name="checkCheckbox" time="0.0">
    <ignored/>
  </testcase> <!-- checkCheckbox -->
  <testcase classname="testcases.BookshelvesCheck" name="outOfStockCheckbox" time="0.0">
    <ignored/>
  </testcase> <!-- outOfStockCheckbox -->
  <testcase classname="testcases.BookshelvesCheck" name="writeExcel" time="0.0">
    <ignored/>
  </testcase> <!-- writeExcel -->
  <testcase classname="testcases.BookshelvesCheck" name="chooseCategory" time="0.0">
    <ignored/>
  </testcase> <!-- chooseCategory -->
  <testcase classname="testcases.BookshelvesCheck" name="clickBookShelves" time="0.0">
    <ignored/>
  </testcase> <!-- clickBookShelves -->
  <testcase classname="testcases.BookshelvesCheck" name="checkpopup" time="0.0">
    <ignored/>
  </testcase> <!-- checkpopup -->
  <testcase classname="testcases.BookshelvesCheck" name="getBookDetails" time="0.0">
    <ignored/>
  </testcase> <!-- getBookDetails -->
  <testcase classname="testcases.BookshelvesCheck" name="sortByPriceHighToLow" time="0.0">
    <ignored/>
  </testcase> <!-- sortByPriceHighToLow -->
</testsuite> <!-- Default test -->
