<?xml version="1.0" encoding="UTF-8"?>
<!-- Generated by org.testng.reporters.JUnitXMLReporter -->
<testsuite ignored="4" hostname="LTIN203200" failures="1" tests="31" name="ChromeTest" time="105.63" errors="0" timestamp="2024-03-07T16:51:00 IST">
  <testcase classname="testcases.BookshelvesCheck" name="verifyBookShelves" time="0.945"/>
  <testcase classname="testcases.BookshelvesCheck" name="clickBookShelves" time="4.954"/>
  <testcase classname="testcases.BookshelvesCheck" name="checkpopup" time="1.918"/>
  <testcase classname="testcases.BookshelvesCheck" name="popupClose" time="0.382"/>
  <testcase classname="testcases.BookshelvesCheck" name="checkpriceFilter" time="0.092"/>
  <testcase classname="testcases.BookshelvesCheck" name="setPriceFilter" time="0.871"/>
  <testcase classname="testcases.BookshelvesCheck" name="checksort" time="0.088"/>
  <testcase classname="testcases.BookshelvesCheck" name="sortByPriceHighToLow" time="0.865"/>
  <testcase classname="testcases.BookshelvesCheck" name="checkcategory" time="0.192"/>
  <testcase classname="testcases.BookshelvesCheck" name="chooseCategory" time="0.608"/>
  <testcase classname="testcases.BookshelvesCheck" name="checkCheckbox" time="0.221"/>
  <testcase classname="testcases.BookshelvesCheck" name="outOfStockCheckbox" time="0.214"/>
  <testcase classname="testcases.BookshelvesCheck" name="getBookDetails" time="0.582">
    <failure type="org.openqa.selenium.StaleElementReferenceException" message="stale element reference: stale element not found
  (Session info: chrome=120.0.6099.130)
For documentation on this error, please visit: https://www.selenium.dev/documentation/webdriver/troubleshooting/errors#stale-element-reference-exception
Build info: version: &amp;apos;4.15.0&amp;apos;, revision: &amp;apos;1d14b5521b&amp;apos;
System info: os.name: &amp;apos;Windows 11&amp;apos;, os.arch: &amp;apos;amd64&amp;apos;, os.version: &amp;apos;10.0&amp;apos;, java.version: &amp;apos;17.0.9&amp;apos;
Driver info: org.openqa.selenium.chrome.ChromeDriver
Command: [fd8c88d70d797e8cbba53dcaca688c3c, getElementText {id=64887F215EEA279C9BA537EF66A25E15_element_208}]
Capabilities {acceptInsecureCerts: false, browserName: chrome, browserVersion: 120.0.6099.130, chrome: {chromedriverVersion: 120.0.6099.109 (3419140ab66..., userDataDir: C:\Windows\SystemTemp\scope...}, fedcm:accounts: true, goog:chromeOptions: {debuggerAddress: localhost:56522}, networkConnectionEnabled: false, pageLoadStrategy: normal, platformName: windows, proxy: Proxy(), se:cdp: ws://localhost:56522/devtoo..., se:cdpVersion: 120.0.6099.130, setWindowRect: true, strictFileInteractability: false, timeouts: {implicit: 0, pageLoad: 300000, script: 30000}, unhandledPromptBehavior: dismiss and notify, webauthn:extension:credBlob: true, webauthn:extension:largeBlob: true, webauthn:extension:minPinLength: true, webauthn:extension:prf: true, webauthn:virtualAuthenticators: true}
Element: [[ChromeDriver: chrome on windows (fd8c88d70d797e8cbba53dcaca688c3c)] -&amp;gt; xpath: //span[@itemprop=&amp;apos;name&amp;apos;]]
Session ID: fd8c88d70d797e8cbba53dcaca688c3c">
      <![CDATA[org.openqa.selenium.StaleElementReferenceException: stale element reference: stale element not found
  (Session info: chrome=120.0.6099.130)
For documentation on this error, please visit: https://www.selenium.dev/documentation/webdriver/troubleshooting/errors#stale-element-reference-exception
Build info: version: '4.15.0', revision: '1d14b5521b'
System info: os.name: 'Windows 11', os.arch: 'amd64', os.version: '10.0', java.version: '17.0.9'
Driver info: org.openqa.selenium.chrome.ChromeDriver
Command: [fd8c88d70d797e8cbba53dcaca688c3c, getElementText {id=64887F215EEA279C9BA537EF66A25E15_element_208}]
Capabilities {acceptInsecureCerts: false, browserName: chrome, browserVersion: 120.0.6099.130, chrome: {chromedriverVersion: 120.0.6099.109 (3419140ab66..., userDataDir: C:\Windows\SystemTemp\scope...}, fedcm:accounts: true, goog:chromeOptions: {debuggerAddress: localhost:56522}, networkConnectionEnabled: false, pageLoadStrategy: normal, platformName: windows, proxy: Proxy(), se:cdp: ws://localhost:56522/devtoo..., se:cdpVersion: 120.0.6099.130, setWindowRect: true, strictFileInteractability: false, timeouts: {implicit: 0, pageLoad: 300000, script: 30000}, unhandledPromptBehavior: dismiss and notify, webauthn:extension:credBlob: true, webauthn:extension:largeBlob: true, webauthn:extension:minPinLength: true, webauthn:extension:prf: true, webauthn:virtualAuthenticators: true}
Element: [[ChromeDriver: chrome on windows (fd8c88d70d797e8cbba53dcaca688c3c)] -> xpath: //span[@itemprop='name']]
Session ID: fd8c88d70d797e8cbba53dcaca688c3c
at org.openqa.selenium.remote.codec.w3c.W3CHttpResponseCodec.createException(W3CHttpResponseCodec.java:200)
at org.openqa.selenium.remote.codec.w3c.W3CHttpResponseCodec.decode(W3CHttpResponseCodec.java:133)
at org.openqa.selenium.remote.codec.w3c.W3CHttpResponseCodec.decode(W3CHttpResponseCodec.java:52)
at org.openqa.selenium.remote.HttpCommandExecutor.execute(HttpCommandExecutor.java:191)
at org.openqa.selenium.remote.service.DriverCommandExecutor.invokeExecute(DriverCommandExecutor.java:200)
at org.openqa.selenium.remote.service.DriverCommandExecutor.execute(DriverCommandExecutor.java:175)
at org.openqa.selenium.remote.RemoteWebDriver.execute(RemoteWebDriver.java:607)
at org.openqa.selenium.remote.RemoteWebElement.execute(RemoteWebElement.java:224)
at org.openqa.selenium.remote.RemoteWebElement.getText(RemoteWebElement.java:192)
at pageobject.HomePage.getBookshelvesDetails(HomePage.java:149)
at testcases.BookshelvesCheck.getBookDetails(BookshelvesCheck.java:91)
at java.base/java.util.ArrayList.forEach(ArrayList.java:1511)
... Removed 32 stack frames]]>
    </failure>
  </testcase> <!-- getBookDetails -->
  <testcase classname="testcases.BookshelvesCheck" name="writeExcel" time="2.42"/>
  <testcase classname="testcases.DropDownCheck" name="CheckLiving" time="0.162"/>
  <testcase classname="testcases.DropDownCheck" name="SelectLiving" time="0.1"/>
  <testcase classname="testcases.DropDownCheck" name="getLivingDetails" time="0.912"/>
  <testcase classname="testcases.DropDownCheck" name="collectingDetails" time="0.154"/>
  <testcase classname="testcases.GiftCardCheck" name="CheckGiftCards" time="4.682"/>
  <testcase classname="testcases.GiftCardCheck" name="GetGiftCards" time="33.579"/>
  <testcase classname="testcases.GiftCardCheck" name="CheckBirthday" time="0.099"/>
  <testcase classname="testcases.GiftCardCheck" name="SelectBirthday" time="0.202"/>
  <testcase classname="testcases.GiftCardCheck" name="Checkcustomizationvisible" time="0.097"/>
  <testcase classname="testcases.GiftCardCheck" name="Customizing" time="1.111"/>
  <testcase classname="testcases.GiftCardCheck" name="filldetailsvisible" time="0.086"/>
  <testcase classname="testcases.GiftCardCheck" name="invalidDetailsFilling" time="2.736"/>
  <testcase classname="testcases.GiftCardCheck" name="captureAndDisplayErrorMessage" time="0.522"/>
  <testcase classname="testcases.GiftCardCheck" name="validateDetails" time="1.435"/>
  <testcase classname="testcases.GiftCardCheck" name="validateAllDetails" time="0.662"/>
  <testcase classname="testcases.GiftCardCheck" name="writeDetailsToJson" time="0.005"/>
  <testcase classname="testcases.GiftCardCheck" name="compareDetails" time="0.002"/>
  <testcase classname="testbase.BaseClass" name="@AfterTest teardown" time="0.0">
    <ignored/>
  </testcase> <!-- @AfterTest teardown -->
  <testcase classname="testbase.BaseClass" name="@BeforeTest setup" time="0.0">
    <ignored/>
  </testcase> <!-- @BeforeTest setup -->
  <testcase classname="testbase.BaseClass" name="@BeforeTest setup" time="0.0">
    <ignored/>
  </testcase> <!-- @BeforeTest setup -->
  <testcase classname="testbase.BaseClass" name="@AfterTest teardown" time="0.0">
    <ignored/>
  </testcase> <!-- @AfterTest teardown -->
</testsuite> <!-- ChromeTest -->
