<?xml version="1.0" encoding="UTF-8"?>
<!-- Generated by org.testng.reporters.JUnitXMLReporter -->
<testsuite ignored="0" hostname="LTIN203200" failures="0" tests="1" name="Test" time="0.154" errors="0" timestamp="2024-02-29T14:02:31 IST">
  <testcase classname="testbase.BaseClass" name="@BeforeTest setup" time="-1.70919555171E9">
    <failure type="org.testng.TestNGException" message="
Parameter &amp;apos;br&amp;apos; is required by BeforeTest on method setup but has not been marked @Optional or defined
in C:\Users\2303842\eclipse-workspace\HackathonProject\regressiontestng.xml">
      <![CDATA[org.testng.TestNGException: 
Parameter 'br' is required by BeforeTest on method setup but has not been marked @Optional or defined
in C:\Users\2303842\eclipse-workspace\HackathonProject\regressiontestng.xml
... Removed 21 stack frames]]>
    </failure>
  </testcase> <!-- @BeforeTest setup -->
  <testcase classname="testbase.BaseClass" name="@AfterTest teardown" time="0.0">
    <skipped/>
  </testcase> <!-- @AfterTest teardown -->
  <testcase classname="regressiontest.RegressionTest" name="bookshelf" time="0.0">
    <skipped/>
  </testcase> <!-- bookshelf -->
</testsuite> <!-- Test -->
