<?xml version="1.0" encoding="UTF-8"?>
<!-- Generated by org.testng.reporters.JUnitReportReporter -->
<testsuite hostname="LTIN203200" failures="0" tests="28" name="testcases.BookshelvesCheck" time="27.360" errors="1" timestamp="2024-03-07T16:53:25 IST" skipped="0">
  <testcase classname="testcases.BookshelvesCheck" name="verifyBookShelves" time="0.945"/>
  <testcase classname="testcases.BookshelvesCheck" name="verifyBookShelves" time="0.331"/>
  <testcase classname="testcases.BookshelvesCheck" name="clickBookShelves" time="4.954"/>
  <testcase classname="testcases.BookshelvesCheck" name="clickBookShelves" time="5.255"/>
  <testcase classname="testcases.BookshelvesCheck" name="checkpopup" time="1.918"/>
  <testcase classname="testcases.BookshelvesCheck" name="checkpopup" time="2.376"/>
  <testcase classname="testcases.BookshelvesCheck" name="popupClose" time="0.382"/>
  <testcase classname="testcases.BookshelvesCheck" name="popupClose" time="0.370"/>
  <testcase classname="testcases.BookshelvesCheck" name="checkpriceFilter" time="0.097"/>
  <testcase classname="testcases.BookshelvesCheck" name="checkpriceFilter" time="0.092"/>
  <testcase classname="testcases.BookshelvesCheck" name="setPriceFilter" time="0.871"/>
  <testcase classname="testcases.BookshelvesCheck" name="setPriceFilter" time="0.905"/>
  <testcase classname="testcases.BookshelvesCheck" name="checksort" time="0.088"/>
  <testcase classname="testcases.BookshelvesCheck" name="checksort" time="0.085"/>
  <testcase classname="testcases.BookshelvesCheck" name="sortByPriceHighToLow" time="1.196"/>
  <testcase classname="testcases.BookshelvesCheck" name="sortByPriceHighToLow" time="0.865"/>
  <testcase classname="testcases.BookshelvesCheck" name="checkcategory" time="0.605"/>
  <testcase classname="testcases.BookshelvesCheck" name="checkcategory" time="0.192"/>
  <testcase classname="testcases.BookshelvesCheck" name="chooseCategory" time="0.828"/>
  <testcase classname="testcases.BookshelvesCheck" name="chooseCategory" time="0.608"/>
  <testcase classname="testcases.BookshelvesCheck" name="checkCheckbox" time="0.221"/>
  <testcase classname="testcases.BookshelvesCheck" name="checkCheckbox" time="0.148"/>
  <testcase classname="testcases.BookshelvesCheck" name="outOfStockCheckbox" time="0.214"/>
  <testcase classname="testcases.BookshelvesCheck" name="outOfStockCheckbox" time="0.241"/>
  <testcase classname="testcases.BookshelvesCheck" name="getBookDetails" time="0.419"/>
  <testcase classname="testcases.BookshelvesCheck" name="getBookDetails" time="0.582">
    <error message="stale element reference: stale element not found
  (Session info: chrome=120.0.6099.130)
For documentation on this error, please visit: https://www.selenium.dev/documentation/webdriver/troubleshooting/errors#stale-element-reference-exception
Build info: version: &#039;4.15.0&#039;, revision: &#039;1d14b5521b&#039;
System info: os.name: &#039;Windows 11&#039;, os.arch: &#039;amd64&#039;, os.version: &#039;10.0&#039;, java.version: &#039;17.0.9&#039;
Driver info: org.openqa.selenium.chrome.ChromeDriver
Command: [fd8c88d70d797e8cbba53dcaca688c3c, getElementText {id=64887F215EEA279C9BA537EF66A25E15_element_208}]
Capabilities {acceptInsecureCerts: false, browserName: chrome, browserVersion: 120.0.6099.130, chrome: {chromedriverVersion: 120.0.6099.109 (3419140ab66..., userDataDir: C:\Windows\SystemTemp\scope...}, fedcm:accounts: true, goog:chromeOptions: {debuggerAddress: localhost:56522}, networkConnectionEnabled: false, pageLoadStrategy: normal, platformName: windows, proxy: Proxy(), se:cdp: ws://localhost:56522/devtoo..., se:cdpVersion: 120.0.6099.130, setWindowRect: true, strictFileInteractability: false, timeouts: {implicit: 0, pageLoad: 300000, script: 30000}, unhandledPromptBehavior: dismiss and notify, webauthn:extension:credBlob: true, webauthn:extension:largeBlob: true, webauthn:extension:minPinLength: true, webauthn:extension:prf: true, webauthn:virtualAuthenticators: true}
Element: [[ChromeDriver: chrome on windows (fd8c88d70d797e8cbba53dcaca688c3c)] -&gt; xpath: //span[@itemprop=&#039;name&#039;]]
Session ID: fd8c88d70d797e8cbba53dcaca688c3c" type="org.openqa.selenium.StaleElementReferenceException">
      <![CDATA[org.openqa.selenium.StaleElementReferenceException: stale element reference: stale element not found
  (Session info: chrome=120.0.6099.130)
For documentation on this error, please visit: https://www.selenium.dev/documentation/webdriver/troubleshooting/errors#stale-element-reference-exception
Build info: version: '4.15.0', revision: '1d14b5521b'
System info: os.name: 'Windows 11', os.arch: 'amd64', os.version: '10.0', java.version: '17.0.9'
Driver info: org.openqa.selenium.chrome.ChromeDriver
Command: [fd8c88d70d797e8cbba53dcaca688c3c, getElementText {id=64887F215EEA279C9BA537EF66A25E15_element_208}]
Capabilities {acceptInsecureCerts: false, browserName: chrome, browserVersion: 120.0.6099.130, chrome: {chromedriverVersion: 120.0.6099.109 (3419140ab66..., userDataDir: C:\Windows\SystemTemp\scope...}, fedcm:accounts: true, goog:chromeOptions: {debuggerAddress: localhost:56522}, networkConnectionEnabled: false, pageLoadStrategy: normal, platformName: windows, proxy: Proxy(), se:cdp: ws://localhost:56522/devtoo..., se:cdpVersion: 120.0.6099.130, setWindowRect: true, strictFileInteractability: false, timeouts: {implicit: 0, pageLoad: 300000, script: 30000}, unhandledPromptBehavior: dismiss and notify, webauthn:extension:credBlob: true, webauthn:extension:largeBlob: true, webauthn:extension:minPinLength: true, webauthn:extension:prf: true, webauthn:virtualAuthenticators: true}
Element: [[ChromeDriver: chrome on windows (fd8c88d70d797e8cbba53dcaca688c3c)] -> xpath: //span[@itemprop='name']]
Session ID: fd8c88d70d797e8cbba53dcaca688c3c
at java.base/jdk.internal.reflect.NativeConstructorAccessorImpl.newInstance0(Native Method)
at java.base/jdk.internal.reflect.NativeConstructorAccessorImpl.newInstance(NativeConstructorAccessorImpl.java:77)
at java.base/jdk.internal.reflect.DelegatingConstructorAccessorImpl.newInstance(DelegatingConstructorAccessorImpl.java:45)
at java.base/java.lang.reflect.Constructor.newInstanceWithCaller(Constructor.java:499)
at java.base/java.lang.reflect.Constructor.newInstance(Constructor.java:480)
at org.openqa.selenium.remote.codec.w3c.W3CHttpResponseCodec.createException(W3CHttpResponseCodec.java:200)
at org.openqa.selenium.remote.codec.w3c.W3CHttpResponseCodec.decode(W3CHttpResponseCodec.java:133)
at org.openqa.selenium.remote.codec.w3c.W3CHttpResponseCodec.decode(W3CHttpResponseCodec.java:52)
at org.openqa.selenium.remote.HttpCommandExecutor.execute(HttpCommandExecutor.java:191)
at org.openqa.selenium.remote.service.DriverCommandExecutor.invokeExecute(DriverCommandExecutor.java:200)
at org.openqa.selenium.remote.service.DriverCommandExecutor.execute(DriverCommandExecutor.java:175)
at org.openqa.selenium.remote.RemoteWebDriver.execute(RemoteWebDriver.java:607)
at org.openqa.selenium.remote.RemoteWebElement.execute(RemoteWebElement.java:224)
at org.openqa.selenium.remote.RemoteWebElement.getText(RemoteWebElement.java:192)
at pageobject.HomePage.getBookshelvesDetails(HomePage.java:149)
at testcases.BookshelvesCheck.getBookDetails(BookshelvesCheck.java:91)
at java.base/jdk.internal.reflect.NativeMethodAccessorImpl.invoke0(Native Method)
at java.base/jdk.internal.reflect.NativeMethodAccessorImpl.invoke(NativeMethodAccessorImpl.java:77)
at java.base/jdk.internal.reflect.DelegatingMethodAccessorImpl.invoke(DelegatingMethodAccessorImpl.java:43)
at java.base/java.lang.reflect.Method.invoke(Method.java:568)
at org.testng.internal.invokers.MethodInvocationHelper.invokeMethod(MethodInvocationHelper.java:139)
at org.testng.internal.invokers.TestInvoker.invokeMethod(TestInvoker.java:664)
at org.testng.internal.invokers.TestInvoker.invokeTestMethod(TestInvoker.java:227)
at org.testng.internal.invokers.MethodRunner.runInSequence(MethodRunner.java:50)
at org.testng.internal.invokers.TestInvoker$MethodInvocationAgent.invoke(TestInvoker.java:957)
at org.testng.internal.invokers.TestInvoker.invokeTestMethods(TestInvoker.java:200)
at org.testng.internal.invokers.TestMethodWorker.invokeTestMethods(TestMethodWorker.java:148)
at org.testng.internal.invokers.TestMethodWorker.run(TestMethodWorker.java:128)
at java.base/java.util.ArrayList.forEach(ArrayList.java:1511)
at org.testng.TestRunner.privateRun(TestRunner.java:848)
at org.testng.TestRunner.run(TestRunner.java:621)
at org.testng.SuiteRunner.runTest(SuiteRunner.java:443)
at org.testng.SuiteRunner.runSequentially(SuiteRunner.java:437)
at org.testng.SuiteRunner.privateRun(SuiteRunner.java:397)
at org.testng.SuiteRunner.run(SuiteRunner.java:336)
at org.testng.SuiteRunnerWorker.runSuite(SuiteRunnerWorker.java:52)
at org.testng.SuiteRunnerWorker.run(SuiteRunnerWorker.java:95)
at org.testng.TestNG.runSuitesSequentially(TestNG.java:1280)
at org.testng.TestNG.runSuitesLocally(TestNG.java:1200)
at org.testng.TestNG.runSuites(TestNG.java:1114)
at org.testng.TestNG.run(TestNG.java:1082)
at org.testng.remote.AbstractRemoteTestNG.run(AbstractRemoteTestNG.java:115)
at org.testng.remote.RemoteTestNG.initAndRun(RemoteTestNG.java:251)
at org.testng.remote.RemoteTestNG.main(RemoteTestNG.java:77)
]]>
    </error>
  </testcase> <!-- getBookDetails -->
  <testcase classname="testcases.BookshelvesCheck" name="writeExcel" time="2.420"/>
  <testcase classname="testcases.BookshelvesCheck" name="writeExcel" time="0.152"/>
</testsuite> <!-- testcases.BookshelvesCheck -->
